Test: snapshots, many clients (4C unreliable net, snapshots, many clients) (unreliable network)...
  ... Passed --  time  6.4s #peers 5 #RPCs   902 #Ops   97
Test: snapshots, many clients (4C unreliable net, snapshots, many clients) (unreliable network)...
  ... Passed --  time  6.5s #peers 5 #RPCs   961 #Ops  101
Test: snapshots, many clients (4C unreliable net, snapshots, many clients) (unreliable network)...
  ... Passed --  time  6.8s #peers 5 #RPCs  1029 #Ops  107
Test: snapshots, many clients (4C unreliable net, snapshots, many clients) (unreliable network)...
  ... Passed --  time  6.9s #peers 5 #RPCs  1060 #Ops  115
Test: snapshots, many clients (4C unreliable net, snapshots, many clients) (unreliable network)...
  ... Passed --  time  6.3s #peers 5 #RPCs   999 #Ops  111
Test: snapshots, many clients (4C unreliable net, snapshots, many clients) (unreliable network)...
  ... Passed --  time  7.2s #peers 5 #RPCs   923 #Ops   83
Test: snapshots, many clients (4C unreliable net, snapshots, many clients) (unreliable network)...
  ... Passed --  time  9.2s #peers 5 #RPCs  1089 #Ops  101
Test: snapshots, many clients (4C unreliable net, snapshots, many clients) (unreliable network)...
  ... Passed --  time  6.2s #peers 5 #RPCs   997 #Ops  105
Test: snapshots, many clients (4C unreliable net, snapshots, many clients) (unreliable network)...
  ... Passed --  time  8.2s #peers 5 #RPCs  1082 #Ops  101
Test: snapshots, many clients (4C unreliable net, snapshots, many clients) (unreliable network)...
  ... Passed --  time  5.8s #peers 5 #RPCs   942 #Ops  109
Test: snapshots, many clients (4C unreliable net, snapshots, many clients) (unreliable network)...
  ... Passed --  time  6.0s #peers 5 #RPCs  1019 #Ops  115
Test: snapshots, many clients (4C unreliable net, snapshots, many clients) (unreliable network)...
  ... Passed --  time  9.8s #peers 5 #RPCs  1179 #Ops  109
Test: snapshots, many clients (4C unreliable net, snapshots, many clients) (unreliable network)...
  ... Passed --  time  7.0s #peers 5 #RPCs   925 #Ops   89
Test: snapshots, many clients (4C unreliable net, snapshots, many clients) (unreliable network)...
  ... Passed --  time  6.6s #peers 5 #RPCs  1015 #Ops  111
Test: snapshots, many clients (4C unreliable net, snapshots, many clients) (unreliable network)...
  ... Passed --  time  7.4s #peers 5 #RPCs  1070 #Ops  105
Test: snapshots, many clients (4C unreliable net, snapshots, many clients) (unreliable network)...
  ... Passed --  time  6.1s #peers 5 #RPCs  1208 #Ops  155
Test: snapshots, many clients (4C unreliable net, snapshots, many clients) (unreliable network)...
  ... Passed --  time  8.0s #peers 5 #RPCs  1222 #Ops  135
Test: snapshots, many clients (4C unreliable net, snapshots, many clients) (unreliable network)...
  ... Passed --  time  6.7s #peers 5 #RPCs  1011 #Ops  101
Test: snapshots, many clients (4C unreliable net, snapshots, many clients) (unreliable network)...
  ... Passed --  time  8.6s #peers 5 #RPCs  1000 #Ops   91
Test: snapshots, many clients (4C unreliable net, snapshots, many clients) (unreliable network)...
  ... Passed --  time  6.6s #peers 5 #RPCs  1013 #Ops  111
Test: snapshots, many clients (4C unreliable net, snapshots, many clients) (unreliable network)...
  ... Passed --  time  6.5s #peers 5 #RPCs   875 #Ops   83
Test: snapshots, many clients (4C unreliable net, snapshots, many clients) (unreliable network)...
  ... Passed --  time  5.8s #peers 5 #RPCs   897 #Ops   95
Test: snapshots, many clients (4C unreliable net, snapshots, many clients) (unreliable network)...
  ... Passed --  time  6.7s #peers 5 #RPCs  1031 #Ops  107
Test: snapshots, many clients (4C unreliable net, snapshots, many clients) (unreliable network)...
  ... Passed --  time  6.9s #peers 5 #RPCs  1182 #Ops  137
Test: snapshots, many clients (4C unreliable net, snapshots, many clients) (unreliable network)...
  ... Passed --  time  7.7s #peers 5 #RPCs   901 #Ops   77
Test: snapshots, many clients (4C unreliable net, snapshots, many clients) (unreliable network)...
  ... Passed --  time  7.5s #peers 5 #RPCs  1008 #Ops   97
Test: snapshots, many clients (4C unreliable net, snapshots, many clients) (unreliable network)...
  ... Passed --  time 10.1s #peers 5 #RPCs  1133 #Ops   93
Test: snapshots, many clients (4C unreliable net, snapshots, many clients) (unreliable network)...
  ... Passed --  time  7.7s #peers 5 #RPCs  1012 #Ops   99
Test: snapshots, many clients (4C unreliable net, snapshots, many clients) (unreliable network)...
  ... Passed --  time  8.3s #peers 5 #RPCs  1007 #Ops   97
Test: snapshots, many clients (4C unreliable net, snapshots, many clients) (unreliable network)...
  ... Passed --  time  8.4s #peers 5 #RPCs   859 #Ops   61
PASS
ok  	6.5840/kvraft1	217.837s
